<testsuite failures="1" name="src/test/java/com/api/automation/getrequest/postRequest.feature" skipped="0" tests="1" time="0.927808">
  <testcase classname="src.test.java.com.api.automation.getrequest.postRequest" name="To register a new job int the application in JSON format" time="0.927808">
    <failure message="postRequest.feature:16 - status code was: 415, expected: 201, response time: 56, url: http://localhost:9191/normal/webapi/add, response: {&quot;path&quot;:&quot;/normal/webapi/add&quot;,&quot;error&quot;:&quot;Unsupported Media Type&quot;,&quot;message&quot;:&quot;Content type 'text/plain;charset=UTF-8' not supported&quot;,&quot;timestamp&quot;:&quot;2022-09-14T13:38:55.745+0000&quot;,&quot;status&quot;:415}">Given url 'http://localhost:9191' ......................................... passed
And print 'Hello world' ................................................... passed
Given path '/normal/webapi/add' ........................................... passed
When request '{"experience": ["Regression testing"],"jobDescription": "QAE eCom","jobId": 2,"jobTitle": "QAE","project": [{"projectName": "Nike","technology": ["Kafka","SQL","AWS"]}]}' . passed
And method post ........................................................... passed
And header Accept = "application/json" .................................... passed
And header Content-Type = "application/json" .............................. passed
Then status 201 # the status code response should be 200 .................. failed

Stack Trace:
com.intuit.karate.exception.KarateException: postRequest.feature:16 - status code was: 415, expected: 201, response time: 56, url: http://localhost:9191/normal/webapi/add, response: {"path":"/normal/webapi/add","error":"Unsupported Media Type","message":"Content type 'text/plain;charset=UTF-8' not supported","timestamp":"2022-09-14T13:38:55.745+0000","status":415}&#13;
	at âœ½.Then status 201 # the status code response should be 200 (postRequest.feature:16)&#13;

And print "Response is: ", response ....................................... skipped</failure>
  </testcase>
</testsuite>
